<?xml version="1.0" encoding="UTF-8"?>
<!-- Generated by org.testng.reporters.JUnitReportReporter -->
<testsuite skipped="0" hostname="LAPTOP-PC4NH006" name="com.api.ui.testcases.loginTest" tests="1" failures="0" timestamp="14 May 2019 16:28:59 GMT" time="12.488" errors="0">
  <testcase name="actuallogin" time="12.488" classname="com.api.ui.testcases.loginTest"/>
</testsuite> <!-- com.api.ui.testcases.loginTest -->
